2019-01-02 19:33:57,579 0      [           main] DEBUG ache.ibatis.logging.LogFactory  - Logging initialized using 'class org.apache.ibatis.logging.log4j.Log4jImpl' adapter.
2019-01-02 19:33:57,701 122    [           main] DEBUG source.pooled.PooledDataSource  - PooledDataSource forcefully closed/removed all connections.
2019-01-02 19:33:57,701 122    [           main] DEBUG source.pooled.PooledDataSource  - PooledDataSource forcefully closed/removed all connections.
2019-01-02 19:33:57,702 123    [           main] DEBUG source.pooled.PooledDataSource  - PooledDataSource forcefully closed/removed all connections.
2019-01-02 19:33:57,702 123    [           main] DEBUG source.pooled.PooledDataSource  - PooledDataSource forcefully closed/removed all connections.
2019-01-02 19:35:47,179 0      [           main] DEBUG ache.ibatis.logging.LogFactory  - Logging initialized using 'class org.apache.ibatis.logging.log4j.Log4jImpl' adapter.
2019-01-02 19:35:47,290 111    [           main] DEBUG source.pooled.PooledDataSource  - PooledDataSource forcefully closed/removed all connections.
2019-01-02 19:35:47,290 111    [           main] DEBUG source.pooled.PooledDataSource  - PooledDataSource forcefully closed/removed all connections.
2019-01-02 19:35:47,290 111    [           main] DEBUG source.pooled.PooledDataSource  - PooledDataSource forcefully closed/removed all connections.
2019-01-02 19:35:47,290 111    [           main] DEBUG source.pooled.PooledDataSource  - PooledDataSource forcefully closed/removed all connections.
2019-01-02 19:35:55,224 0      [           main] DEBUG ache.ibatis.logging.LogFactory  - Logging initialized using 'class org.apache.ibatis.logging.log4j.Log4jImpl' adapter.
2019-01-02 19:35:55,348 124    [           main] DEBUG source.pooled.PooledDataSource  - PooledDataSource forcefully closed/removed all connections.
2019-01-02 19:35:55,348 124    [           main] DEBUG source.pooled.PooledDataSource  - PooledDataSource forcefully closed/removed all connections.
2019-01-02 19:35:55,348 124    [           main] DEBUG source.pooled.PooledDataSource  - PooledDataSource forcefully closed/removed all connections.
2019-01-02 19:35:55,348 124    [           main] DEBUG source.pooled.PooledDataSource  - PooledDataSource forcefully closed/removed all connections.
2019-01-02 19:36:41,071 0      [           main] DEBUG ache.ibatis.logging.LogFactory  - Logging initialized using 'class org.apache.ibatis.logging.log4j.Log4jImpl' adapter.
2019-01-02 19:36:41,260 189    [           main] DEBUG source.pooled.PooledDataSource  - PooledDataSource forcefully closed/removed all connections.
2019-01-02 19:36:41,260 189    [           main] DEBUG source.pooled.PooledDataSource  - PooledDataSource forcefully closed/removed all connections.
2019-01-02 19:36:41,260 189    [           main] DEBUG source.pooled.PooledDataSource  - PooledDataSource forcefully closed/removed all connections.
2019-01-02 19:36:41,261 190    [           main] DEBUG source.pooled.PooledDataSource  - PooledDataSource forcefully closed/removed all connections.
2019-01-02 19:36:41,368 297    [           main] DEBUG ansaction.jdbc.JdbcTransaction  - Opening JDBC Connection
2019-01-02 19:38:01,257 0      [           main] DEBUG ache.ibatis.logging.LogFactory  - Logging initialized using 'class org.apache.ibatis.logging.log4j.Log4jImpl' adapter.
2019-01-02 19:38:01,364 107    [           main] DEBUG source.pooled.PooledDataSource  - PooledDataSource forcefully closed/removed all connections.
2019-01-02 19:38:01,365 108    [           main] DEBUG source.pooled.PooledDataSource  - PooledDataSource forcefully closed/removed all connections.
2019-01-02 19:38:01,365 108    [           main] DEBUG source.pooled.PooledDataSource  - PooledDataSource forcefully closed/removed all connections.
2019-01-02 19:38:01,365 108    [           main] DEBUG source.pooled.PooledDataSource  - PooledDataSource forcefully closed/removed all connections.
2019-01-02 19:38:01,450 193    [           main] DEBUG ansaction.jdbc.JdbcTransaction  - Opening JDBC Connection
2019-01-02 19:38:01,712 455    [           main] DEBUG source.pooled.PooledDataSource  - Created connection 782505238.
2019-01-02 19:38:01,712 455    [           main] DEBUG ansaction.jdbc.JdbcTransaction  - Setting autocommit to false on JDBC Connection [com.mysql.jdbc.JDBC4Connection@2ea41516]
2019-01-02 19:38:01,722 465    [           main] DEBUG m.itheima.dao.IUserDao.findAll  - ==>  Preparing: select * form user 
2019-01-02 19:38:01,777 520    [           main] DEBUG m.itheima.dao.IUserDao.findAll  - ==> Parameters: 
2019-01-02 19:39:26,786 0      [           main] DEBUG ache.ibatis.logging.LogFactory  - Logging initialized using 'class org.apache.ibatis.logging.log4j.Log4jImpl' adapter.
2019-01-02 19:39:26,901 115    [           main] DEBUG source.pooled.PooledDataSource  - PooledDataSource forcefully closed/removed all connections.
2019-01-02 19:39:26,901 115    [           main] DEBUG source.pooled.PooledDataSource  - PooledDataSource forcefully closed/removed all connections.
2019-01-02 19:39:26,902 116    [           main] DEBUG source.pooled.PooledDataSource  - PooledDataSource forcefully closed/removed all connections.
2019-01-02 19:39:26,902 116    [           main] DEBUG source.pooled.PooledDataSource  - PooledDataSource forcefully closed/removed all connections.
2019-01-02 19:39:26,991 205    [           main] DEBUG ansaction.jdbc.JdbcTransaction  - Opening JDBC Connection
2019-01-02 19:39:27,285 499    [           main] DEBUG source.pooled.PooledDataSource  - Created connection 782505238.
2019-01-02 19:39:27,286 500    [           main] DEBUG ansaction.jdbc.JdbcTransaction  - Setting autocommit to false on JDBC Connection [com.mysql.jdbc.JDBC4Connection@2ea41516]
2019-01-02 19:39:27,288 502    [           main] DEBUG m.itheima.dao.IUserDao.findAll  - ==>  Preparing: select * from user 
2019-01-02 19:39:27,325 539    [           main] DEBUG m.itheima.dao.IUserDao.findAll  - ==> Parameters: 
2019-01-02 19:39:27,417 631    [           main] DEBUG m.itheima.dao.IUserDao.findAll  - <==      Total: 6
2019-01-02 19:39:27,440 654    [           main] DEBUG ansaction.jdbc.JdbcTransaction  - Resetting autocommit to true on JDBC Connection [com.mysql.jdbc.JDBC4Connection@2ea41516]
2019-01-02 19:39:27,441 655    [           main] DEBUG ansaction.jdbc.JdbcTransaction  - Closing JDBC Connection [com.mysql.jdbc.JDBC4Connection@2ea41516]
2019-01-02 19:39:27,441 655    [           main] DEBUG source.pooled.PooledDataSource  - Returned connection 782505238 to pool.
2019-01-02 19:44:13,926 0      [           main] DEBUG ache.ibatis.logging.LogFactory  - Logging initialized using 'class org.apache.ibatis.logging.log4j.Log4jImpl' adapter.
2019-01-02 19:44:14,049 123    [           main] DEBUG source.pooled.PooledDataSource  - PooledDataSource forcefully closed/removed all connections.
2019-01-02 19:44:14,049 123    [           main] DEBUG source.pooled.PooledDataSource  - PooledDataSource forcefully closed/removed all connections.
2019-01-02 19:44:14,049 123    [           main] DEBUG source.pooled.PooledDataSource  - PooledDataSource forcefully closed/removed all connections.
2019-01-02 19:44:14,049 123    [           main] DEBUG source.pooled.PooledDataSource  - PooledDataSource forcefully closed/removed all connections.
2019-01-02 19:46:52,290 0      [           main] DEBUG ache.ibatis.logging.LogFactory  - Logging initialized using 'class org.apache.ibatis.logging.log4j.Log4jImpl' adapter.
2019-01-02 19:46:52,409 119    [           main] DEBUG source.pooled.PooledDataSource  - PooledDataSource forcefully closed/removed all connections.
2019-01-02 19:46:52,410 120    [           main] DEBUG source.pooled.PooledDataSource  - PooledDataSource forcefully closed/removed all connections.
2019-01-02 19:46:52,410 120    [           main] DEBUG source.pooled.PooledDataSource  - PooledDataSource forcefully closed/removed all connections.
2019-01-02 19:46:52,410 120    [           main] DEBUG source.pooled.PooledDataSource  - PooledDataSource forcefully closed/removed all connections.
2019-01-02 19:48:39,382 1      [           main] DEBUG ache.ibatis.logging.LogFactory  - Logging initialized using 'class org.apache.ibatis.logging.log4j.Log4jImpl' adapter.
2019-01-02 19:48:39,522 141    [           main] DEBUG source.pooled.PooledDataSource  - PooledDataSource forcefully closed/removed all connections.
2019-01-02 19:48:39,522 141    [           main] DEBUG source.pooled.PooledDataSource  - PooledDataSource forcefully closed/removed all connections.
2019-01-02 19:48:39,522 141    [           main] DEBUG source.pooled.PooledDataSource  - PooledDataSource forcefully closed/removed all connections.
2019-01-02 19:48:39,522 141    [           main] DEBUG source.pooled.PooledDataSource  - PooledDataSource forcefully closed/removed all connections.
2019-01-02 19:48:39,569 188    [           main] DEBUG ansaction.jdbc.JdbcTransaction  - Opening JDBC Connection
2019-01-02 19:48:39,851 470    [           main] DEBUG source.pooled.PooledDataSource  - Created connection 1810742349.
2019-01-02 19:48:39,852 471    [           main] DEBUG ansaction.jdbc.JdbcTransaction  - Setting autocommit to false on JDBC Connection [com.mysql.jdbc.JDBC4Connection@6bedbc4d]
2019-01-02 19:48:39,854 473    [           main] DEBUG m.itheima.dao.IUserDao.findAll  - ==>  Preparing: select * from user 
2019-01-02 19:48:39,894 513    [           main] DEBUG m.itheima.dao.IUserDao.findAll  - ==> Parameters: 
2019-01-02 19:48:39,937 556    [           main] DEBUG m.itheima.dao.IUserDao.findAll  - <==      Total: 6
2019-01-02 19:48:39,945 564    [           main] DEBUG ansaction.jdbc.JdbcTransaction  - Resetting autocommit to true on JDBC Connection [com.mysql.jdbc.JDBC4Connection@6bedbc4d]
2019-01-02 19:48:39,946 565    [           main] DEBUG ansaction.jdbc.JdbcTransaction  - Closing JDBC Connection [com.mysql.jdbc.JDBC4Connection@6bedbc4d]
2019-01-02 19:48:39,946 565    [           main] DEBUG source.pooled.PooledDataSource  - Returned connection 1810742349 to pool.
2019-01-03 14:37:55,979 0      [           main] DEBUG ache.ibatis.logging.LogFactory  - Logging initialized using 'class org.apache.ibatis.logging.log4j.Log4jImpl' adapter.
2019-01-03 14:37:56,518 539    [           main] DEBUG source.pooled.PooledDataSource  - PooledDataSource forcefully closed/removed all connections.
2019-01-03 14:37:56,520 541    [           main] DEBUG source.pooled.PooledDataSource  - PooledDataSource forcefully closed/removed all connections.
2019-01-03 14:37:56,520 541    [           main] DEBUG source.pooled.PooledDataSource  - PooledDataSource forcefully closed/removed all connections.
2019-01-03 14:37:56,521 542    [           main] DEBUG source.pooled.PooledDataSource  - PooledDataSource forcefully closed/removed all connections.
2019-01-03 14:37:56,661 682    [           main] DEBUG ansaction.jdbc.JdbcTransaction  - Opening JDBC Connection
2019-01-03 14:37:57,053 1074   [           main] DEBUG source.pooled.PooledDataSource  - Created connection 1810742349.
2019-01-03 14:37:57,054 1075   [           main] DEBUG ansaction.jdbc.JdbcTransaction  - Setting autocommit to false on JDBC Connection [com.mysql.jdbc.JDBC4Connection@6bedbc4d]
2019-01-03 14:37:57,056 1077   [           main] DEBUG m.itheima.dao.IUserDao.findAll  - ==>  Preparing: select * from user 
2019-01-03 14:37:57,096 1117   [           main] DEBUG m.itheima.dao.IUserDao.findAll  - ==> Parameters: 
2019-01-03 14:37:57,133 1154   [           main] DEBUG m.itheima.dao.IUserDao.findAll  - <==      Total: 6
2019-01-03 14:37:57,176 1197   [           main] DEBUG ansaction.jdbc.JdbcTransaction  - Resetting autocommit to true on JDBC Connection [com.mysql.jdbc.JDBC4Connection@6bedbc4d]
2019-01-03 14:37:57,176 1197   [           main] DEBUG ansaction.jdbc.JdbcTransaction  - Closing JDBC Connection [com.mysql.jdbc.JDBC4Connection@6bedbc4d]
2019-01-03 14:37:57,176 1197   [           main] DEBUG source.pooled.PooledDataSource  - Returned connection 1810742349 to pool.
